0 info it worked if it ends with ok
1 verbose cli [ '/usr/bin/node', '/usr/bin/npm', 'version', 'patch' ]
2 info using npm@1.4.14
3 info using node@v0.10.29
4 verbose node symlink /usr/bin/node
5 error Error: Git working directory not clean.
5 error M index.js
5 error     at /usr/lib/node_modules/npm/lib/version.js:98:35
5 error     at ChildProcess.exithandler (child_process.js:645:7)
5 error     at ChildProcess.emit (events.js:98:17)
5 error     at maybeClose (child_process.js:755:16)
5 error     at Socket.<anonymous> (child_process.js:968:11)
5 error     at Socket.emit (events.js:95:17)
5 error     at Pipe.close (net.js:465:12)
6 error If you need help, you may report this *entire* log,
6 error including the npm and node versions, at:
6 error     <http://github.com/npm/npm/issues>
7 error System Linux 3.8.0-42-generic
8 error command "/usr/bin/node" "/usr/bin/npm" "version" "patch"
9 error cwd /media/yagitudeh/WORK/npm/simple-cookie
10 error node -v v0.10.29
11 error npm -v 1.4.14
12 verbose exit [ 1, true ]
